[23-Dec-2024 06:40:18 Europe/Berlin] Received update request - ID: 5, Token: d_ZaRxgGSPeJzSqyrB49vU:APA91bEHnpls9fZOkJnstK3ZeiwpcMdBSFiKlA75MzRz_hHgRFCCZwNfICYT1igXHTEGbVHFHg0Bp4KJKeP-BI0OWrwRLVrVhTnO0Fi693SyKirGpBebgrM
[23-Dec-2024 06:40:18 Europe/Berlin] Token updated successfully for ID: 5
[23-Dec-2024 06:42:10 Europe/Berlin] Received update request - ID: 5, Token: d_ZaRxgGSPeJzSqyrB49vU:APA91bEHnpls9fZOkJnstK3ZeiwpcMdBSFiKlA75MzRz_hHgRFCCZwNfICYT1igXHTEGbVHFHg0Bp4KJKeP-BI0OWrwRLVrVhTnO0Fi693SyKirGpBebgrM
[23-Dec-2024 06:42:10 Europe/Berlin] No doctor found with ID: 5
[23-Dec-2024 07:03:26 Europe/Berlin] Received update request - ID: 5, Token: d_ZaRxgGSPeJzSqyrB49vU:APA91bEHnpls9fZOkJnstK3ZeiwpcMdBSFiKlA75MzRz_hHgRFCCZwNfICYT1igXHTEGbVHFHg0Bp4KJKeP-BI0OWrwRLVrVhTnO0Fi693SyKirGpBebgrM
[23-Dec-2024 07:03:26 Europe/Berlin] Token unchanged for ID: 5
[23-Dec-2024 07:04:54 Europe/Berlin] Received update request - ID: 5, Token: d_ZaRxgGSPeJzSqyrB49vU:APA91bEHnpls9fZOkJnstK3ZeiwpcMdBSFiKlA75MzRz_hHgRFCCZwNfICYT1igXHTEGbVHFHg0Bp4KJKeP-BI0OWrwRLVrVhTnO0Fi693SyKirGpBebgrM
[23-Dec-2024 07:04:54 Europe/Berlin] Token unchanged for ID: 5
[23-Dec-2024 07:24:09 Europe/Berlin] Received update request - ID: 5, Token: d_ZaRxgGSPeJzSqyrB49vU:APA91bEHnpls9fZOkJnstK3ZeiwpcMdBSFiKlA75MzRz_hHgRFCCZwNfICYT1igXHTEGbVHFHg0Bp4KJKeP-BI0OWrwRLVrVhTnO0Fi693SyKirGpBebgrM
[23-Dec-2024 07:24:09 Europe/Berlin] Token unchanged for ID: 5
[23-Dec-2024 07:26:55 Europe/Berlin] Received update request - ID: 5, Token: d_ZaRxgGSPeJzSqyrB49vU:APA91bEHnpls9fZOkJnstK3ZeiwpcMdBSFiKlA75MzRz_hHgRFCCZwNfICYT1igXHTEGbVHFHg0Bp4KJKeP-BI0OWrwRLVrVhTnO0Fi693SyKirGpBebgrM
[23-Dec-2024 07:26:55 Europe/Berlin] Token unchanged for ID: 5
[23-Dec-2024 07:27:37 Europe/Berlin] Received update request - ID: 5, Token: d_ZaRxgGSPeJzSqyrB49vU:APA91bEHnpls9fZOkJnstK3ZeiwpcMdBSFiKlA75MzRz_hHgRFCCZwNfICYT1igXHTEGbVHFHg0Bp4KJKeP-BI0OWrwRLVrVhTnO0Fi693SyKirGpBebgrM
[23-Dec-2024 07:27:37 Europe/Berlin] Token unchanged for ID: 5
[23-Dec-2024 07:40:00 Europe/Berlin] Received update request - ID: 5, Token: d_ZaRxgGSPeJzSqyrB49vU:APA91bEHnpls9fZOkJnstK3ZeiwpcMdBSFiKlA75MzRz_hHgRFCCZwNfICYT1igXHTEGbVHFHg0Bp4KJKeP-BI0OWrwRLVrVhTnO0Fi693SyKirGpBebgrM
[23-Dec-2024 07:40:00 Europe/Berlin] Token unchanged for ID: 5
[23-Dec-2024 07:40:20 Europe/Berlin] Received update request - ID: 5, Token: d_ZaRxgGSPeJzSqyrB49vU:APA91bEHnpls9fZOkJnstK3ZeiwpcMdBSFiKlA75MzRz_hHgRFCCZwNfICYT1igXHTEGbVHFHg0Bp4KJKeP-BI0OWrwRLVrVhTnO0Fi693SyKirGpBebgrM
[23-Dec-2024 07:40:20 Europe/Berlin] Token unchanged for ID: 5
[23-Dec-2024 07:48:09 Europe/Berlin] Received update request - ID: 5, Token: d_ZaRxgGSPeJzSqyrB49vU:APA91bEHnpls9fZOkJnstK3ZeiwpcMdBSFiKlA75MzRz_hHgRFCCZwNfICYT1igXHTEGbVHFHg0Bp4KJKeP-BI0OWrwRLVrVhTnO0Fi693SyKirGpBebgrM
[23-Dec-2024 07:48:09 Europe/Berlin] Token unchanged for ID: 5
[23-Dec-2024 07:48:43 Europe/Berlin] Received update request - ID: 5, Token: d_ZaRxgGSPeJzSqyrB49vU:APA91bEHnpls9fZOkJnstK3ZeiwpcMdBSFiKlA75MzRz_hHgRFCCZwNfICYT1igXHTEGbVHFHg0Bp4KJKeP-BI0OWrwRLVrVhTnO0Fi693SyKirGpBebgrM
[23-Dec-2024 07:48:43 Europe/Berlin] Token unchanged for ID: 5
[23-Dec-2024 07:51:03 Europe/Berlin] Received update request - ID: 5, Token: d_ZaRxgGSPeJzSqyrB49vU:APA91bEHnpls9fZOkJnstK3ZeiwpcMdBSFiKlA75MzRz_hHgRFCCZwNfICYT1igXHTEGbVHFHg0Bp4KJKeP-BI0OWrwRLVrVhTnO0Fi693SyKirGpBebgrM
[23-Dec-2024 07:51:03 Europe/Berlin] Token unchanged for ID: 5
[23-Dec-2024 07:51:35 Europe/Berlin] Received update request - ID: 5, Token: d_ZaRxgGSPeJzSqyrB49vU:APA91bEHnpls9fZOkJnstK3ZeiwpcMdBSFiKlA75MzRz_hHgRFCCZwNfICYT1igXHTEGbVHFHg0Bp4KJKeP-BI0OWrwRLVrVhTnO0Fi693SyKirGpBebgrM
[23-Dec-2024 07:51:35 Europe/Berlin] Token unchanged for ID: 5
[23-Dec-2024 08:04:46 Europe/Berlin] Received update request - ID: 5, Token: d_ZaRxgGSPeJzSqyrB49vU:APA91bEHnpls9fZOkJnstK3ZeiwpcMdBSFiKlA75MzRz_hHgRFCCZwNfICYT1igXHTEGbVHFHg0Bp4KJKeP-BI0OWrwRLVrVhTnO0Fi693SyKirGpBebgrM
[23-Dec-2024 08:04:46 Europe/Berlin] Token unchanged for ID: 5
[23-Dec-2024 08:20:45 Europe/Berlin] Received update request - ID: 5, Token: d_ZaRxgGSPeJzSqyrB49vU:APA91bEHnpls9fZOkJnstK3ZeiwpcMdBSFiKlA75MzRz_hHgRFCCZwNfICYT1igXHTEGbVHFHg0Bp4KJKeP-BI0OWrwRLVrVhTnO0Fi693SyKirGpBebgrM
[23-Dec-2024 08:20:45 Europe/Berlin] Token unchanged for ID: 5
[23-Dec-2024 08:31:16 Europe/Berlin] Received update request - ID: 5, Token: d_ZaRxgGSPeJzSqyrB49vU:APA91bEHnpls9fZOkJnstK3ZeiwpcMdBSFiKlA75MzRz_hHgRFCCZwNfICYT1igXHTEGbVHFHg0Bp4KJKeP-BI0OWrwRLVrVhTnO0Fi693SyKirGpBebgrM
[23-Dec-2024 08:31:16 Europe/Berlin] Token unchanged for ID: 5
[23-Dec-2024 08:37:27 Europe/Berlin] Received update request - ID: 5, Token: d_ZaRxgGSPeJzSqyrB49vU:APA91bEHnpls9fZOkJnstK3ZeiwpcMdBSFiKlA75MzRz_hHgRFCCZwNfICYT1igXHTEGbVHFHg0Bp4KJKeP-BI0OWrwRLVrVhTnO0Fi693SyKirGpBebgrM
[23-Dec-2024 08:37:27 Europe/Berlin] Token unchanged for ID: 5
[23-Dec-2024 09:01:42 Europe/Berlin] Received update request - ID: 5, Token: d_ZaRxgGSPeJzSqyrB49vU:APA91bEHnpls9fZOkJnstK3ZeiwpcMdBSFiKlA75MzRz_hHgRFCCZwNfICYT1igXHTEGbVHFHg0Bp4KJKeP-BI0OWrwRLVrVhTnO0Fi693SyKirGpBebgrM
[23-Dec-2024 09:01:42 Europe/Berlin] Token unchanged for ID: 5
[23-Dec-2024 12:14:12 Europe/Berlin] Received update request - ID: 5, Token: d_ZaRxgGSPeJzSqyrB49vU:APA91bEHnpls9fZOkJnstK3ZeiwpcMdBSFiKlA75MzRz_hHgRFCCZwNfICYT1igXHTEGbVHFHg0Bp4KJKeP-BI0OWrwRLVrVhTnO0Fi693SyKirGpBebgrM
[23-Dec-2024 12:14:12 Europe/Berlin] Token unchanged for ID: 5
[23-Dec-2024 12:14:13 Europe/Berlin] Received update request - ID: 5, Token: d_ZaRxgGSPeJzSqyrB49vU:APA91bEHnpls9fZOkJnstK3ZeiwpcMdBSFiKlA75MzRz_hHgRFCCZwNfICYT1igXHTEGbVHFHg0Bp4KJKeP-BI0OWrwRLVrVhTnO0Fi693SyKirGpBebgrM
[23-Dec-2024 12:14:13 Europe/Berlin] Token unchanged for ID: 5
[23-Dec-2024 12:16:11 Europe/Berlin] Received update request - ID: 5, Token: d_ZaRxgGSPeJzSqyrB49vU:APA91bEHnpls9fZOkJnstK3ZeiwpcMdBSFiKlA75MzRz_hHgRFCCZwNfICYT1igXHTEGbVHFHg0Bp4KJKeP-BI0OWrwRLVrVhTnO0Fi693SyKirGpBebgrM
[23-Dec-2024 12:16:11 Europe/Berlin] Token unchanged for ID: 5
[23-Dec-2024 12:16:12 Europe/Berlin] Received update request - ID: 5, Token: d_ZaRxgGSPeJzSqyrB49vU:APA91bEHnpls9fZOkJnstK3ZeiwpcMdBSFiKlA75MzRz_hHgRFCCZwNfICYT1igXHTEGbVHFHg0Bp4KJKeP-BI0OWrwRLVrVhTnO0Fi693SyKirGpBebgrM
[23-Dec-2024 12:16:12 Europe/Berlin] Token unchanged for ID: 5
[23-Dec-2024 12:16:16 Europe/Berlin] Received update request - ID: 5, Token: d_ZaRxgGSPeJzSqyrB49vU:APA91bEHnpls9fZOkJnstK3ZeiwpcMdBSFiKlA75MzRz_hHgRFCCZwNfICYT1igXHTEGbVHFHg0Bp4KJKeP-BI0OWrwRLVrVhTnO0Fi693SyKirGpBebgrM
[23-Dec-2024 12:16:16 Europe/Berlin] Token unchanged for ID: 5
[23-Dec-2024 12:20:46 Europe/Berlin] Received update request - ID: 5, Token: d_ZaRxgGSPeJzSqyrB49vU:APA91bEHnpls9fZOkJnstK3ZeiwpcMdBSFiKlA75MzRz_hHgRFCCZwNfICYT1igXHTEGbVHFHg0Bp4KJKeP-BI0OWrwRLVrVhTnO0Fi693SyKirGpBebgrM
[23-Dec-2024 12:20:46 Europe/Berlin] Token unchanged for ID: 5
[23-Dec-2024 12:20:47 Europe/Berlin] Received update request - ID: 5, Token: d_ZaRxgGSPeJzSqyrB49vU:APA91bEHnpls9fZOkJnstK3ZeiwpcMdBSFiKlA75MzRz_hHgRFCCZwNfICYT1igXHTEGbVHFHg0Bp4KJKeP-BI0OWrwRLVrVhTnO0Fi693SyKirGpBebgrM
[23-Dec-2024 12:20:47 Europe/Berlin] Token unchanged for ID: 5
[23-Dec-2024 12:37:32 Europe/Berlin] Received update request - ID: 5, Token: d_ZaRxgGSPeJzSqyrB49vU:APA91bEHnpls9fZOkJnstK3ZeiwpcMdBSFiKlA75MzRz_hHgRFCCZwNfICYT1igXHTEGbVHFHg0Bp4KJKeP-BI0OWrwRLVrVhTnO0Fi693SyKirGpBebgrM
[23-Dec-2024 12:37:32 Europe/Berlin] Token unchanged for ID: 5
[23-Dec-2024 12:37:33 Europe/Berlin] Received update request - ID: 5, Token: d_ZaRxgGSPeJzSqyrB49vU:APA91bEHnpls9fZOkJnstK3ZeiwpcMdBSFiKlA75MzRz_hHgRFCCZwNfICYT1igXHTEGbVHFHg0Bp4KJKeP-BI0OWrwRLVrVhTnO0Fi693SyKirGpBebgrM
[23-Dec-2024 12:37:33 Europe/Berlin] Token unchanged for ID: 5
[23-Dec-2024 12:38:23 Europe/Berlin] Received update request - ID: 5, Token: d_ZaRxgGSPeJzSqyrB49vU:APA91bEHnpls9fZOkJnstK3ZeiwpcMdBSFiKlA75MzRz_hHgRFCCZwNfICYT1igXHTEGbVHFHg0Bp4KJKeP-BI0OWrwRLVrVhTnO0Fi693SyKirGpBebgrM
[23-Dec-2024 12:38:23 Europe/Berlin] Token unchanged for ID: 5
[23-Dec-2024 12:41:48 Europe/Berlin] Received update request - ID: 5, Token: d_ZaRxgGSPeJzSqyrB49vU:APA91bEHnpls9fZOkJnstK3ZeiwpcMdBSFiKlA75MzRz_hHgRFCCZwNfICYT1igXHTEGbVHFHg0Bp4KJKeP-BI0OWrwRLVrVhTnO0Fi693SyKirGpBebgrM
[23-Dec-2024 12:41:48 Europe/Berlin] Token unchanged for ID: 5
[23-Dec-2024 12:43:01 Europe/Berlin] Received update request - ID: 5, Token: d_ZaRxgGSPeJzSqyrB49vU:APA91bEHnpls9fZOkJnstK3ZeiwpcMdBSFiKlA75MzRz_hHgRFCCZwNfICYT1igXHTEGbVHFHg0Bp4KJKeP-BI0OWrwRLVrVhTnO0Fi693SyKirGpBebgrM
[23-Dec-2024 12:43:01 Europe/Berlin] Token unchanged for ID: 5
[23-Dec-2024 12:43:32 Europe/Berlin] Received update request - ID: 5, Token: d_ZaRxgGSPeJzSqyrB49vU:APA91bEHnpls9fZOkJnstK3ZeiwpcMdBSFiKlA75MzRz_hHgRFCCZwNfICYT1igXHTEGbVHFHg0Bp4KJKeP-BI0OWrwRLVrVhTnO0Fi693SyKirGpBebgrM
[23-Dec-2024 12:43:32 Europe/Berlin] Token unchanged for ID: 5
[23-Dec-2024 12:44:52 Europe/Berlin] Received update request - ID: 5, Token: d_ZaRxgGSPeJzSqyrB49vU:APA91bEHnpls9fZOkJnstK3ZeiwpcMdBSFiKlA75MzRz_hHgRFCCZwNfICYT1igXHTEGbVHFHg0Bp4KJKeP-BI0OWrwRLVrVhTnO0Fi693SyKirGpBebgrM
[23-Dec-2024 12:44:52 Europe/Berlin] Token unchanged for ID: 5
[23-Dec-2024 12:48:58 Europe/Berlin] Received update request - ID: 5, Token: d_ZaRxgGSPeJzSqyrB49vU:APA91bEHnpls9fZOkJnstK3ZeiwpcMdBSFiKlA75MzRz_hHgRFCCZwNfICYT1igXHTEGbVHFHg0Bp4KJKeP-BI0OWrwRLVrVhTnO0Fi693SyKirGpBebgrM
[23-Dec-2024 12:48:58 Europe/Berlin] Token unchanged for ID: 5
[23-Dec-2024 12:48:59 Europe/Berlin] Received update request - ID: 5, Token: d_ZaRxgGSPeJzSqyrB49vU:APA91bEHnpls9fZOkJnstK3ZeiwpcMdBSFiKlA75MzRz_hHgRFCCZwNfICYT1igXHTEGbVHFHg0Bp4KJKeP-BI0OWrwRLVrVhTnO0Fi693SyKirGpBebgrM
[23-Dec-2024 12:48:59 Europe/Berlin] Token unchanged for ID: 5
[23-Dec-2024 12:49:27 Europe/Berlin] Received update request - ID: 5, Token: d_ZaRxgGSPeJzSqyrB49vU:APA91bEHnpls9fZOkJnstK3ZeiwpcMdBSFiKlA75MzRz_hHgRFCCZwNfICYT1igXHTEGbVHFHg0Bp4KJKeP-BI0OWrwRLVrVhTnO0Fi693SyKirGpBebgrM
[23-Dec-2024 12:49:27 Europe/Berlin] Token unchanged for ID: 5
[23-Dec-2024 13:12:38 Europe/Berlin] Received update request - ID: 5, Token: d_ZaRxgGSPeJzSqyrB49vU:APA91bEHnpls9fZOkJnstK3ZeiwpcMdBSFiKlA75MzRz_hHgRFCCZwNfICYT1igXHTEGbVHFHg0Bp4KJKeP-BI0OWrwRLVrVhTnO0Fi693SyKirGpBebgrM
[23-Dec-2024 13:12:38 Europe/Berlin] Token unchanged for ID: 5
[23-Dec-2024 13:13:02 Europe/Berlin] Received update request - ID: 5, Token: d_ZaRxgGSPeJzSqyrB49vU:APA91bEHnpls9fZOkJnstK3ZeiwpcMdBSFiKlA75MzRz_hHgRFCCZwNfICYT1igXHTEGbVHFHg0Bp4KJKeP-BI0OWrwRLVrVhTnO0Fi693SyKirGpBebgrM
[23-Dec-2024 13:13:02 Europe/Berlin] Token unchanged for ID: 5
[23-Dec-2024 13:13:03 Europe/Berlin] Received update request - ID: 5, Token: d_ZaRxgGSPeJzSqyrB49vU:APA91bEHnpls9fZOkJnstK3ZeiwpcMdBSFiKlA75MzRz_hHgRFCCZwNfICYT1igXHTEGbVHFHg0Bp4KJKeP-BI0OWrwRLVrVhTnO0Fi693SyKirGpBebgrM
[23-Dec-2024 13:13:03 Europe/Berlin] Token unchanged for ID: 5
[23-Dec-2024 13:13:05 Europe/Berlin] Received update request - ID: 5, Token: d_ZaRxgGSPeJzSqyrB49vU:APA91bEHnpls9fZOkJnstK3ZeiwpcMdBSFiKlA75MzRz_hHgRFCCZwNfICYT1igXHTEGbVHFHg0Bp4KJKeP-BI0OWrwRLVrVhTnO0Fi693SyKirGpBebgrM
[23-Dec-2024 13:13:05 Europe/Berlin] Token unchanged for ID: 5
[23-Dec-2024 13:13:06 Europe/Berlin] Received update request - ID: 5, Token: d_ZaRxgGSPeJzSqyrB49vU:APA91bEHnpls9fZOkJnstK3ZeiwpcMdBSFiKlA75MzRz_hHgRFCCZwNfICYT1igXHTEGbVHFHg0Bp4KJKeP-BI0OWrwRLVrVhTnO0Fi693SyKirGpBebgrM
[23-Dec-2024 13:13:06 Europe/Berlin] Token unchanged for ID: 5
[23-Dec-2024 13:17:04 Europe/Berlin] Received update request - ID: 5, Token: d_ZaRxgGSPeJzSqyrB49vU:APA91bEHnpls9fZOkJnstK3ZeiwpcMdBSFiKlA75MzRz_hHgRFCCZwNfICYT1igXHTEGbVHFHg0Bp4KJKeP-BI0OWrwRLVrVhTnO0Fi693SyKirGpBebgrM
[23-Dec-2024 13:17:04 Europe/Berlin] Token unchanged for ID: 5
[23-Dec-2024 13:17:05 Europe/Berlin] Received update request - ID: 5, Token: d_ZaRxgGSPeJzSqyrB49vU:APA91bEHnpls9fZOkJnstK3ZeiwpcMdBSFiKlA75MzRz_hHgRFCCZwNfICYT1igXHTEGbVHFHg0Bp4KJKeP-BI0OWrwRLVrVhTnO0Fi693SyKirGpBebgrM
[23-Dec-2024 13:17:05 Europe/Berlin] Token unchanged for ID: 5
[23-Dec-2024 13:17:23 Europe/Berlin] Received update request - ID: 5, Token: d_ZaRxgGSPeJzSqyrB49vU:APA91bEHnpls9fZOkJnstK3ZeiwpcMdBSFiKlA75MzRz_hHgRFCCZwNfICYT1igXHTEGbVHFHg0Bp4KJKeP-BI0OWrwRLVrVhTnO0Fi693SyKirGpBebgrM
[23-Dec-2024 13:17:23 Europe/Berlin] Token unchanged for ID: 5
[23-Dec-2024 13:17:57 Europe/Berlin] Received update request - ID: 5, Token: d_ZaRxgGSPeJzSqyrB49vU:APA91bEHnpls9fZOkJnstK3ZeiwpcMdBSFiKlA75MzRz_hHgRFCCZwNfICYT1igXHTEGbVHFHg0Bp4KJKeP-BI0OWrwRLVrVhTnO0Fi693SyKirGpBebgrM
[23-Dec-2024 13:17:57 Europe/Berlin] Token unchanged for ID: 5
[23-Dec-2024 13:18:09 Europe/Berlin] Received update request - ID: 5, Token: d_ZaRxgGSPeJzSqyrB49vU:APA91bEHnpls9fZOkJnstK3ZeiwpcMdBSFiKlA75MzRz_hHgRFCCZwNfICYT1igXHTEGbVHFHg0Bp4KJKeP-BI0OWrwRLVrVhTnO0Fi693SyKirGpBebgrM
[23-Dec-2024 13:18:09 Europe/Berlin] Token unchanged for ID: 5
[23-Dec-2024 13:18:43 Europe/Berlin] Received update request - ID: 5, Token: d_ZaRxgGSPeJzSqyrB49vU:APA91bEHnpls9fZOkJnstK3ZeiwpcMdBSFiKlA75MzRz_hHgRFCCZwNfICYT1igXHTEGbVHFHg0Bp4KJKeP-BI0OWrwRLVrVhTnO0Fi693SyKirGpBebgrM
[23-Dec-2024 13:18:43 Europe/Berlin] Token unchanged for ID: 5
[23-Dec-2024 13:26:14 Europe/Berlin] Received update request - ID: 5, Token: d_ZaRxgGSPeJzSqyrB49vU:APA91bEHnpls9fZOkJnstK3ZeiwpcMdBSFiKlA75MzRz_hHgRFCCZwNfICYT1igXHTEGbVHFHg0Bp4KJKeP-BI0OWrwRLVrVhTnO0Fi693SyKirGpBebgrM
[23-Dec-2024 13:26:14 Europe/Berlin] Token unchanged for ID: 5
[23-Dec-2024 13:26:15 Europe/Berlin] Received update request - ID: 5, Token: d_ZaRxgGSPeJzSqyrB49vU:APA91bEHnpls9fZOkJnstK3ZeiwpcMdBSFiKlA75MzRz_hHgRFCCZwNfICYT1igXHTEGbVHFHg0Bp4KJKeP-BI0OWrwRLVrVhTnO0Fi693SyKirGpBebgrM
[23-Dec-2024 13:26:15 Europe/Berlin] Token unchanged for ID: 5
[23-Dec-2024 13:27:24 Europe/Berlin] Received update request - ID: 5, Token: d_ZaRxgGSPeJzSqyrB49vU:APA91bEHnpls9fZOkJnstK3ZeiwpcMdBSFiKlA75MzRz_hHgRFCCZwNfICYT1igXHTEGbVHFHg0Bp4KJKeP-BI0OWrwRLVrVhTnO0Fi693SyKirGpBebgrM
[23-Dec-2024 13:27:24 Europe/Berlin] Token unchanged for ID: 5
[23-Dec-2024 13:33:15 Europe/Berlin] Received update request - ID: 5, Token: d_ZaRxgGSPeJzSqyrB49vU:APA91bEHnpls9fZOkJnstK3ZeiwpcMdBSFiKlA75MzRz_hHgRFCCZwNfICYT1igXHTEGbVHFHg0Bp4KJKeP-BI0OWrwRLVrVhTnO0Fi693SyKirGpBebgrM
[23-Dec-2024 13:33:15 Europe/Berlin] Token unchanged for ID: 5
[23-Dec-2024 13:33:16 Europe/Berlin] Received update request - ID: 5, Token: d_ZaRxgGSPeJzSqyrB49vU:APA91bEHnpls9fZOkJnstK3ZeiwpcMdBSFiKlA75MzRz_hHgRFCCZwNfICYT1igXHTEGbVHFHg0Bp4KJKeP-BI0OWrwRLVrVhTnO0Fi693SyKirGpBebgrM
[23-Dec-2024 13:33:16 Europe/Berlin] Token unchanged for ID: 5
[23-Dec-2024 13:42:46 Europe/Berlin] Received update request - ID: 5, Token: d_ZaRxgGSPeJzSqyrB49vU:APA91bEHnpls9fZOkJnstK3ZeiwpcMdBSFiKlA75MzRz_hHgRFCCZwNfICYT1igXHTEGbVHFHg0Bp4KJKeP-BI0OWrwRLVrVhTnO0Fi693SyKirGpBebgrM
[23-Dec-2024 13:42:46 Europe/Berlin] Token unchanged for ID: 5
[28-Dec-2024 19:13:31 Europe/Berlin] Received update request - ID: 5, Token: d_ZaRxgGSPeJzSqyrB49vU:APA91bEHnpls9fZOkJnstK3ZeiwpcMdBSFiKlA75MzRz_hHgRFCCZwNfICYT1igXHTEGbVHFHg0Bp4KJKeP-BI0OWrwRLVrVhTnO0Fi693SyKirGpBebgrM
[28-Dec-2024 19:13:31 Europe/Berlin] Token updated successfully for ID: 5
[28-Dec-2024 19:13:48 Europe/Berlin] Received update request - ID: 5, Token: d_ZaRxgGSPeJzSqyrB49vU:APA91bEHnpls9fZOkJnstK3ZeiwpcMdBSFiKlA75MzRz_hHgRFCCZwNfICYT1igXHTEGbVHFHg0Bp4KJKeP-BI0OWrwRLVrVhTnO0Fi693SyKirGpBebgrM
[28-Dec-2024 19:14:29 Europe/Berlin] PHP Fatal error:  Uncaught mysqli_sql_exception: MySQL server has gone away in C:\xampp\htdocs\siteweb22\API\update_fcm_token.php:81
Stack trace:
#0 C:\xampp\htdocs\siteweb22\API\update_fcm_token.php(81): mysqli_rollback(Object(mysqli))
#1 {main}
  thrown in C:\xampp\htdocs\siteweb22\API\update_fcm_token.php on line 81
[28-Dec-2024 19:14:42 Europe/Berlin] Received update request - ID: 5, Token: d_ZaRxgGSPeJzSqyrB49vU:APA91bEHnpls9fZOkJnstK3ZeiwpcMdBSFiKlA75MzRz_hHgRFCCZwNfICYT1igXHTEGbVHFHg0Bp4KJKeP-BI0OWrwRLVrVhTnO0Fi693SyKirGpBebgrM
[28-Dec-2024 19:14:42 Europe/Berlin] Token updated successfully for ID: 5
[28-Dec-2024 19:15:17 Europe/Berlin] Received update request - ID: 5, Token: d_ZaRxgGSPeJzSqyrB49vU:APA91bEHnpls9fZOkJnstK3ZeiwpcMdBSFiKlA75MzRz_hHgRFCCZwNfICYT1igXHTEGbVHFHg0Bp4KJKeP-BI0OWrwRLVrVhTnO0Fi693SyKirGpBebgrM
[28-Dec-2024 19:15:17 Europe/Berlin] Token updated successfully for ID: 5
[28-Dec-2024 19:17:27 Europe/Berlin] Received update request - ID: 5, Token: d_ZaRxgGSPeJzSqyrB49vU:APA91bEHnpls9fZOkJnstK3ZeiwpcMdBSFiKlA75MzRz_hHgRFCCZwNfICYT1igXHTEGbVHFHg0Bp4KJKeP-BI0OWrwRLVrVhTnO0Fi693SyKirGpBebgrM
[28-Dec-2024 19:17:27 Europe/Berlin] Token updated successfully for ID: 5
[28-Dec-2024 19:21:25 Europe/Berlin] Received update request - ID: 5, Token: d_ZaRxgGSPeJzSqyrB49vU:APA91bEHnpls9fZOkJnstK3ZeiwpcMdBSFiKlA75MzRz_hHgRFCCZwNfICYT1igXHTEGbVHFHg0Bp4KJKeP-BI0OWrwRLVrVhTnO0Fi693SyKirGpBebgrM
[28-Dec-2024 19:21:25 Europe/Berlin] Token updated successfully for ID: 5
[28-Dec-2024 19:23:08 Europe/Berlin] Received update request - ID: 5, Token: d_ZaRxgGSPeJzSqyrB49vU:APA91bEHnpls9fZOkJnstK3ZeiwpcMdBSFiKlA75MzRz_hHgRFCCZwNfICYT1igXHTEGbVHFHg0Bp4KJKeP-BI0OWrwRLVrVhTnO0Fi693SyKirGpBebgrM
[28-Dec-2024 19:23:08 Europe/Berlin] Token updated successfully for ID: 5
[28-Dec-2024 19:30:36 Europe/Berlin] Received update request - ID: 5, Token: d_ZaRxgGSPeJzSqyrB49vU:APA91bEHnpls9fZOkJnstK3ZeiwpcMdBSFiKlA75MzRz_hHgRFCCZwNfICYT1igXHTEGbVHFHg0Bp4KJKeP-BI0OWrwRLVrVhTnO0Fi693SyKirGpBebgrM
[28-Dec-2024 19:30:36 Europe/Berlin] Token updated successfully for ID: 5
[28-Dec-2024 19:33:09 Europe/Berlin] Received update request - ID: 5, Token: fTGtXfx5SxW6OOgw56YHEQ:APA91bF_q5WbpljKEz9Ry3wWuajZvaWE2_sOCck6WdbTXfkdlvTB4x0xCDRoiRVcE2X_pG0Q6O0ZRITpqNRm79U27EYLiIR3Co3g5cd-doNIIwkRdjB9nAc
[28-Dec-2024 19:33:09 Europe/Berlin] Token updated successfully for ID: 5
[28-Dec-2024 19:46:45 Europe/Berlin] Received update request - ID: 5, Token: fTGtXfx5SxW6OOgw56YHEQ:APA91bF_q5WbpljKEz9Ry3wWuajZvaWE2_sOCck6WdbTXfkdlvTB4x0xCDRoiRVcE2X_pG0Q6O0ZRITpqNRm79U27EYLiIR3Co3g5cd-doNIIwkRdjB9nAc
[28-Dec-2024 19:46:45 Europe/Berlin] Token updated successfully for ID: 5
[28-Dec-2024 19:54:24 Europe/Berlin] Received update request - ID: 5, Token: fTGtXfx5SxW6OOgw56YHEQ:APA91bF_q5WbpljKEz9Ry3wWuajZvaWE2_sOCck6WdbTXfkdlvTB4x0xCDRoiRVcE2X_pG0Q6O0ZRITpqNRm79U27EYLiIR3Co3g5cd-doNIIwkRdjB9nAc
[28-Dec-2024 19:54:24 Europe/Berlin] Token updated successfully for ID: 5
[28-Dec-2024 19:59:49 Europe/Berlin] Received update request - ID: 5, Token: fTGtXfx5SxW6OOgw56YHEQ:APA91bF_q5WbpljKEz9Ry3wWuajZvaWE2_sOCck6WdbTXfkdlvTB4x0xCDRoiRVcE2X_pG0Q6O0ZRITpqNRm79U27EYLiIR3Co3g5cd-doNIIwkRdjB9nAc
[28-Dec-2024 19:59:49 Europe/Berlin] Token updated successfully for ID: 5
[30-Dec-2024 08:04:21 Europe/Berlin] Received update request - ID: 5, Token: fTGtXfx5SxW6OOgw56YHEQ:APA91bF_q5WbpljKEz9Ry3wWuajZvaWE2_sOCck6WdbTXfkdlvTB4x0xCDRoiRVcE2X_pG0Q6O0ZRITpqNRm79U27EYLiIR3Co3g5cd-doNIIwkRdjB9nAc
[30-Dec-2024 08:04:21 Europe/Berlin] Token updated successfully for ID: 5
[30-Dec-2024 08:22:27 Europe/Berlin] Received update request - ID: 5, Token: fTGtXfx5SxW6OOgw56YHEQ:APA91bF_q5WbpljKEz9Ry3wWuajZvaWE2_sOCck6WdbTXfkdlvTB4x0xCDRoiRVcE2X_pG0Q6O0ZRITpqNRm79U27EYLiIR3Co3g5cd-doNIIwkRdjB9nAc
[30-Dec-2024 08:22:27 Europe/Berlin] Token updated successfully for ID: 5
[30-Dec-2024 08:31:19 Europe/Berlin] Received update request - ID: 5, Token: fTGtXfx5SxW6OOgw56YHEQ:APA91bF_q5WbpljKEz9Ry3wWuajZvaWE2_sOCck6WdbTXfkdlvTB4x0xCDRoiRVcE2X_pG0Q6O0ZRITpqNRm79U27EYLiIR3Co3g5cd-doNIIwkRdjB9nAc
[30-Dec-2024 08:31:19 Europe/Berlin] Token updated successfully for ID: 5
[30-Dec-2024 13:12:26 Europe/Berlin] Received update request - ID: 5, Token: fTGtXfx5SxW6OOgw56YHEQ:APA91bF_q5WbpljKEz9Ry3wWuajZvaWE2_sOCck6WdbTXfkdlvTB4x0xCDRoiRVcE2X_pG0Q6O0ZRITpqNRm79U27EYLiIR3Co3g5cd-doNIIwkRdjB9nAc
[30-Dec-2024 13:12:26 Europe/Berlin] Token updated successfully for ID: 5
[30-Dec-2024 13:12:55 Europe/Berlin] Received update request - ID: 5, Token: fTGtXfx5SxW6OOgw56YHEQ:APA91bF_q5WbpljKEz9Ry3wWuajZvaWE2_sOCck6WdbTXfkdlvTB4x0xCDRoiRVcE2X_pG0Q6O0ZRITpqNRm79U27EYLiIR3Co3g5cd-doNIIwkRdjB9nAc
[30-Dec-2024 13:12:55 Europe/Berlin] Token updated successfully for ID: 5
[30-Dec-2024 14:48:13 Europe/Berlin] Received update request - ID: 5, Token: fTGtXfx5SxW6OOgw56YHEQ:APA91bF_q5WbpljKEz9Ry3wWuajZvaWE2_sOCck6WdbTXfkdlvTB4x0xCDRoiRVcE2X_pG0Q6O0ZRITpqNRm79U27EYLiIR3Co3g5cd-doNIIwkRdjB9nAc
[30-Dec-2024 14:48:13 Europe/Berlin] Token updated successfully for ID: 5
